# JRE version: Java(TM) SE Runtime Environment (8.0_271-b09) (build 1.8.0_271-b09)
# Java VM: Java HotSpot(TM) 64-Bit Server VM (25.271-b09 mixed mode windows-amd64 compressed oops)
Heap:
 PSYoungGen      total 123392K, used 73349K [0x00000000e0a00000, 0x00000000ed800000, 0x0000000100000000)
  eden space 97280K, 55% used [0x00000000e0a00000,0x00000000e3e47ae0,0x00000000e6900000)
  from space 26112K, 75% used [0x00000000e6900000,0x00000000e7c59b48,0x00000000e8280000)
  to   space 28160K, 0% used [0x00000000ebc80000,0x00000000ebc80000,0x00000000ed800000)
 ParOldGen       total 103424K, used 59868K [0x00000000a1e00000, 0x00000000a8300000, 0x00000000e0a00000)
  object space 103424K, 57% used [0x00000000a1e00000,0x00000000a5877050,0x00000000a8300000)
 Metaspace       used 31341K, capacity 32586K, committed 32768K, reserved 1077248K
  class space    used 4018K, capacity 4282K, committed 4352K, reserved 1048576K
GC Heap History (10 events):
Event: 2.721 GC heap before
{Heap before GC invocations=4 (full 0):
 PSYoungGen      total 28672K, used 28669K [0x00000000e0a00000, 0x00000000e4200000, 0x0000000100000000)
  eden space 24576K, 100% used [0x00000000e0a00000,0x00000000e2200000,0x00000000e2200000)
  from space 4096K, 99% used [0x00000000e2200000,0x00000000e25ff730,0x00000000e2600000)
  to   space 4096K, 0% used [0x00000000e3e00000,0x00000000e3e00000,0x00000000e4200000)
 ParOldGen       total 65536K, used 5273K [0x00000000a1e00000, 0x00000000a5e00000, 0x00000000e0a00000)
  object space 65536K, 8% used [0x00000000a1e00000,0x00000000a23264b0,0x00000000a5e00000)
 Metaspace       used 13307K, capacity 13704K, committed 13824K, reserved 1060864K
  class space    used 1653K, capacity 1765K, committed 1792K, reserved 1048576K
Event: 2.746 GC heap after
Heap after GC invocations=4 (full 0):
 PSYoungGen      total 53248K, used 4089K [0x00000000e0a00000, 0x00000000e4200000, 0x0000000100000000)
  eden space 49152K, 0% used [0x00000000e0a00000,0x00000000e0a00000,0x00000000e3a00000)
  from space 4096K, 99% used [0x00000000e3e00000,0x00000000e41fe6d8,0x00000000e4200000)
  to   space 4096K, 0% used [0x00000000e3a00000,0x00000000e3a00000,0x00000000e3e00000)
 ParOldGen       total 65536K, used 18074K [0x00000000a1e00000, 0x00000000a5e00000, 0x00000000e0a00000)
  object space 65536K, 27% used [0x00000000a1e00000,0x00000000a2fa68b0,0x00000000a5e00000)
 Metaspace       used 13307K, capacity 13704K, committed 13824K, reserved 1060864K
  class space    used 1653K, capacity 1765K, committed 1792K, reserved 1048576K
}
Event: 4.111 GC heap before
{Heap before GC invocations=5 (full 0):
 PSYoungGen      total 53248K, used 53241K [0x00000000e0a00000, 0x00000000e4200000, 0x0000000100000000)
  eden space 49152K, 100% used [0x00000000e0a00000,0x00000000e3a00000,0x00000000e3a00000)
  from space 4096K, 99% used [0x00000000e3e00000,0x00000000e41fe6d8,0x00000000e4200000)
  to   space 4096K, 0% used [0x00000000e3a00000,0x00000000e3a00000,0x00000000e3e00000)
 ParOldGen       total 65536K, used 18074K [0x00000000a1e00000, 0x00000000a5e00000, 0x00000000e0a00000)
  object space 65536K, 27% used [0x00000000a1e00000,0x00000000a2fa68b0,0x00000000a5e00000)
 Metaspace       used 17120K, capacity 17690K, committed 17792K, reserved 1064960K
  class space    used 2295K, capacity 2432K, committed 2432K, reserved 1048576K
Event: 4.129 GC heap after
Heap after GC invocations=5 (full 0):
 PSYoungGen      total 53248K, used 4087K [0x00000000e0a00000, 0x00000000e9b00000, 0x0000000100000000)
  eden space 49152K, 0% used [0x00000000e0a00000,0x00000000e0a00000,0x00000000e3a00000)
  from space 4096K, 99% used [0x00000000e3a00000,0x00000000e3dfdd10,0x00000000e3e00000)
  to   space 25088K, 0% used [0x00000000e8280000,0x00000000e8280000,0x00000000e9b00000)
 ParOldGen       total 65536K, used 36411K [0x00000000a1e00000, 0x00000000a5e00000, 0x00000000e0a00000)
  object space 65536K, 55% used [0x00000000a1e00000,0x00000000a418ec20,0x00000000a5e00000)
 Metaspace       used 17120K, capacity 17690K, committed 17792K, reserved 1064960K
  class space    used 2295K, capacity 2432K, committed 2432K, reserved 1048576K
}
Event: 11.932 GC heap before
{Heap before GC invocations=6 (full 0):
 PSYoungGen      total 53248K, used 46633K [0x00000000e0a00000, 0x00000000e9b00000, 0x0000000100000000)
  eden space 49152K, 86% used [0x00000000e0a00000,0x00000000e338c768,0x00000000e3a00000)
  from space 4096K, 99% used [0x00000000e3a00000,0x00000000e3dfdd10,0x00000000e3e00000)
  to   space 25088K, 0% used [0x00000000e8280000,0x00000000e8280000,0x00000000e9b00000)
 ParOldGen       total 65536K, used 36411K [0x00000000a1e00000, 0x00000000a5e00000, 0x00000000e0a00000)
  object space 65536K, 55% used [0x00000000a1e00000,0x00000000a418ec20,0x00000000a5e00000)
 Metaspace       used 20535K, capacity 21264K, committed 21296K, reserved 1067008K
  class space    used 2730K, capacity 2917K, committed 2944K, reserved 1048576K
Event: 11.942 GC heap after
Heap after GC invocations=6 (full 0):
 PSYoungGen      total 122368K, used 16466K [0x00000000e0a00000, 0x00000000e9d00000, 0x0000000100000000)
  eden space 97280K, 0% used [0x00000000e0a00000,0x00000000e0a00000,0x00000000e6900000)
  from space 25088K, 65% used [0x00000000e8280000,0x00000000e9294888,0x00000000e9b00000)
  to   space 26112K, 0% used [0x00000000e6900000,0x00000000e6900000,0x00000000e8280000)
 ParOldGen       total 65536K, used 36419K [0x00000000a1e00000, 0x00000000a5e00000, 0x00000000e0a00000)
  object space 65536K, 55% used [0x00000000a1e00000,0x00000000a4190c20,0x00000000a5e00000)
 Metaspace       used 20535K, capacity 21264K, committed 21296K, reserved 1067008K
  class space    used 2730K, capacity 2917K, committed 2944K, reserved 1048576K
}
Event: 11.942 GC heap before
{Heap before GC invocations=7 (full 1):
 PSYoungGen      total 122368K, used 16466K [0x00000000e0a00000, 0x00000000e9d00000, 0x0000000100000000)
  eden space 97280K, 0% used [0x00000000e0a00000,0x00000000e0a00000,0x00000000e6900000)
  from space 25088K, 65% used [0x00000000e8280000,0x00000000e9294888,0x00000000e9b00000)
  to   space 26112K, 0% used [0x00000000e6900000,0x00000000e6900000,0x00000000e8280000)
 ParOldGen       total 65536K, used 36419K [0x00000000a1e00000, 0x00000000a5e00000, 0x00000000e0a00000)
  object space 65536K, 55% used [0x00000000a1e00000,0x00000000a4190c20,0x00000000a5e00000)
 Metaspace       used 20535K, capacity 21264K, committed 21296K, reserved 1067008K
  class space    used 2730K, capacity 2917K, committed 2944K, reserved 1048576K
Event: 12.025 GC heap after
Heap after GC invocations=7 (full 1):
 PSYoungGen      total 122368K, used 0K [0x00000000e0a00000, 0x00000000e9d00000, 0x0000000100000000)
  eden space 97280K, 0% used [0x00000000e0a00000,0x00000000e0a00000,0x00000000e6900000)
  from space 25088K, 0% used [0x00000000e8280000,0x00000000e8280000,0x00000000e9b00000)
  to   space 26112K, 0% used [0x00000000e6900000,0x00000000e6900000,0x00000000e8280000)
 ParOldGen       total 103424K, used 49938K [0x00000000a1e00000, 0x00000000a8300000, 0x00000000e0a00000)
  object space 103424K, 48% used [0x00000000a1e00000,0x00000000a4ec4b08,0x00000000a8300000)
 Metaspace       used 20535K, capacity 21264K, committed 21296K, reserved 1067008K
  class space    used 2730K, capacity 2917K, committed 2944K, reserved 1048576K
}
Event: 56.494 GC heap before
{Heap before GC invocations=8 (full 1):
 PSYoungGen      total 122368K, used 97280K [0x00000000e0a00000, 0x00000000e9d00000, 0x0000000100000000)
  eden space 97280K, 100% used [0x00000000e0a00000,0x00000000e6900000,0x00000000e6900000)
  from space 25088K, 0% used [0x00000000e8280000,0x00000000e8280000,0x00000000e9b00000)
  to   space 26112K, 0% used [0x00000000e6900000,0x00000000e6900000,0x00000000e8280000)
 ParOldGen       total 103424K, used 49938K [0x00000000a1e00000, 0x00000000a8300000, 0x00000000e0a00000)
  object space 103424K, 48% used [0x00000000a1e00000,0x00000000a4ec4b08,0x00000000a8300000)
 Metaspace       used 25674K, capacity 26860K, committed 27264K, reserved 1073152K
  class space    used 3309K, capacity 3597K, committed 3712K, reserved 1048576K
Event: 56.515 GC heap after
Heap after GC invocations=8 (full 1):
 PSYoungGen      total 123392K, used 19814K [0x00000000e0a00000, 0x00000000ed800000, 0x0000000100000000)
  eden space 97280K, 0% used [0x00000000e0a00000,0x00000000e0a00000,0x00000000e6900000)
  from space 26112K, 75% used [0x00000000e6900000,0x00000000e7c59b48,0x00000000e8280000)
  to   space 28160K, 0% used [0x00000000ebc80000,0x00000000ebc80000,0x00000000ed800000)
 ParOldGen       total 103424K, used 59868K [0x00000000a1e00000, 0x00000000a8300000, 0x00000000e0a00000)
  object space 103424K, 57% used [0x00000000a1e00000,0x00000000a5877050,0x00000000a8300000)
 Metaspace       used 25674K, capacity 26860K, committed 27264K, reserved 1073152K
  class space    used 3309K, capacity 3597K, committed 3712K, reserved 1048576K
}

